<?xml version="1.0" encoding="UTF-8"?>
<testsuite xmlns:xsi="http://www.w3.org/2001/XMLSchema-instance" xsi:noNamespaceSchemaLocation="https://maven.apache.org/surefire/maven-surefire-plugin/xsd/surefire-test-report-3.0.xsd" version="3.0" name="pl.comarch.szkolenia.testy.CalculatorTest" time="0.042" tests="5" errors="0" skipped="0" failures="0">
  <properties>
[...]
</properties>
  <testcase name="addTwoPositivesTest" classname="pl.comarch.szkolenia.testy.CalculatorTest" time="0.019">
    <system-out><![CDATA[konstruktor kalkulatora !!!
Konstruktor klasy testujacej !!!
]]></system-out>
  </testcase>
  <testcase name="divideByZeroTest" classname="pl.comarch.szkolenia.testy.CalculatorTest" time="0.002">
    <system-out><![CDATA[konstruktor kalkulatora !!!
Konstruktor klasy testujacej !!!
]]></system-out>
  </testcase>
  <testcase name="divideTwoPositivesTest" classname="pl.comarch.szkolenia.testy.CalculatorTest" time="0">
    <system-out><![CDATA[konstruktor kalkulatora !!!
Konstruktor klasy testujacej !!!
]]></system-out>
  </testcase>
  <testcase name="addPositiveAndNegativeTest" classname="pl.comarch.szkolenia.testy.CalculatorTest" time="0.001">
    <system-out><![CDATA[konstruktor kalkulatora !!!
Konstruktor klasy testujacej !!!
]]></system-out>
  </testcase>
  <testcase name="divideWithDecimalResultTest" classname="pl.comarch.szkolenia.testy.CalculatorTest" time="0.001">
    <system-out><![CDATA[konstruktor kalkulatora !!!
Konstruktor klasy testujacej !!!
]]></system-out>
  </testcase>
</testsuite>